<?xml version="1.0" encoding="UTF-8"?>
<testsuite xmlns:xsi="http://www.w3.org/2001/XMLSchema-instance" xsi:noNamespaceSchemaLocation="https://maven.apache.org/surefire/maven-surefire-plugin/xsd/surefire-test-report-3.0.xsd" version="3.0" name="ar.edu.unahur.obj2.tdd.CajaFuerteTest" time="0.142" tests="3" errors="0" skipped="0" failures="0">
  <properties>
[...]
</properties>
  <testcase name="queLaCajaFuerteEsteAbiertaAlCrearse" classname="ar.edu.unahur.obj2.tdd.CajaFuerteTest" time="0.075"/>
  <testcase name="queSePuedaAbrirLaCajaFuerteConUnCodigo" classname="ar.edu.unahur.obj2.tdd.CajaFuerteTest" time="0.002"/>
  <testcase name="queSePuedaCerrarLaCajaFuerteConUnCodigo" classname="ar.edu.unahur.obj2.tdd.CajaFuerteTest" time="0.004"/>
</testsuite>